Determining if the pthread_create exist failed with the following output:
Change Dir: /home/luis/2018-phd-luis-caiza/build/test_mavros/CMakeFiles/CMakeTmp

Run Build Command:"/usr/bin/make" "cmTC_d7527/fast"
/usr/bin/make -f CMakeFiles/cmTC_d7527.dir/build.make CMakeFiles/cmTC_d7527.dir/build
make[1]: se entra en el directorio '/home/luis/2018-phd-luis-caiza/build/test_mavros/CMakeFiles/CMakeTmp'
Building C object CMakeFiles/cmTC_d7527.dir/CheckSymbolExists.c.o
/usr/bin/cc     -o CMakeFiles/cmTC_d7527.dir/CheckSymbolExists.c.o   -c /home/luis/2018-phd-luis-caiza/build/test_mavros/CMakeFiles/CMakeTmp/CheckSymbolExists.c
Linking C executable cmTC_d7527
/usr/bin/cmake -E cmake_link_script CMakeFiles/cmTC_d7527.dir/link.txt --verbose=1
/usr/bin/cc       CMakeFiles/cmTC_d7527.dir/CheckSymbolExists.c.o  -o cmTC_d7527 -rdynamic 
CMakeFiles/cmTC_d7527.dir/CheckSymbolExists.c.o: En la funci√≥n `main':
CheckSymbolExists.c:(.text+0x16): referencia a `pthread_create' sin definir
collect2: error: ld returned 1 exit status
CMakeFiles/cmTC_d7527.dir/build.make:97: fallo en las instrucciones para el objetivo 'cmTC_d7527'
make[1]: *** [cmTC_d7527] Error 1
make[1]: se sale del directorio '/home/luis/2018-phd-luis-caiza/build/test_mavros/CMakeFiles/CMakeTmp'
Makefile:126: fallo en las instrucciones para el objetivo 'cmTC_d7527/fast'
make: *** [cmTC_d7527/fast] Error 2

File /home/luis/2018-phd-luis-caiza/build/test_mavros/CMakeFiles/CMakeTmp/CheckSymbolExists.c:
/* */
#include <pthread.h>

int main(int argc, char** argv)
{
  (void)argv;
#ifndef pthread_create
  return ((int*)(&pthread_create))[argc];
#else
  (void)argc;
  return 0;
#endif
}

Determining if the function pthread_create exists in the pthreads failed with the following output:
Change Dir: /home/luis/2018-phd-luis-caiza/build/test_mavros/CMakeFiles/CMakeTmp

Run Build Command:"/usr/bin/make" "cmTC_ac04a/fast"
/usr/bin/make -f CMakeFiles/cmTC_ac04a.dir/build.make CMakeFiles/cmTC_ac04a.dir/build
make[1]: se entra en el directorio '/home/luis/2018-phd-luis-caiza/build/test_mavros/CMakeFiles/CMakeTmp'
Building C object CMakeFiles/cmTC_ac04a.dir/CheckFunctionExists.c.o
/usr/bin/cc    -DCHECK_FUNCTION_EXISTS=pthread_create   -o CMakeFiles/cmTC_ac04a.dir/CheckFunctionExists.c.o   -c /usr/share/cmake-3.5/Modules/CheckFunctionExists.c
Linking C executable cmTC_ac04a
/usr/bin/cmake -E cmake_link_script CMakeFiles/cmTC_ac04a.dir/link.txt --verbose=1
/usr/bin/cc   -DCHECK_FUNCTION_EXISTS=pthread_create    CMakeFiles/cmTC_ac04a.dir/CheckFunctionExists.c.o  -o cmTC_ac04a -rdynamic -lpthreads 
/usr/bin/ld: no se puede encontrar -lpthreads
collect2: error: ld returned 1 exit status
CMakeFiles/cmTC_ac04a.dir/build.make:97: fallo en las instrucciones para el objetivo 'cmTC_ac04a'
make[1]: *** [cmTC_ac04a] Error 1
make[1]: se sale del directorio '/home/luis/2018-phd-luis-caiza/build/test_mavros/CMakeFiles/CMakeTmp'
Makefile:126: fallo en las instrucciones para el objetivo 'cmTC_ac04a/fast'
make: *** [cmTC_ac04a/fast] Error 2


