Determining if the pthread_create exist failed with the following output:
Change Dir: /home/luis/2018-phd-luis-caiza/build/mavros/CMakeFiles/CMakeTmp

Run Build Command:"/usr/bin/make" "cmTC_e3c84/fast"
/usr/bin/make -f CMakeFiles/cmTC_e3c84.dir/build.make CMakeFiles/cmTC_e3c84.dir/build
make[1]: se entra en el directorio '/home/luis/2018-phd-luis-caiza/build/mavros/CMakeFiles/CMakeTmp'
Building C object CMakeFiles/cmTC_e3c84.dir/CheckSymbolExists.c.o
/usr/bin/cc     -o CMakeFiles/cmTC_e3c84.dir/CheckSymbolExists.c.o   -c /home/luis/2018-phd-luis-caiza/build/mavros/CMakeFiles/CMakeTmp/CheckSymbolExists.c
Linking C executable cmTC_e3c84
/usr/bin/cmake -E cmake_link_script CMakeFiles/cmTC_e3c84.dir/link.txt --verbose=1
/usr/bin/cc       CMakeFiles/cmTC_e3c84.dir/CheckSymbolExists.c.o  -o cmTC_e3c84 -rdynamic 
CMakeFiles/cmTC_e3c84.dir/CheckSymbolExists.c.o: En la funci√≥n `main':
CheckSymbolExists.c:(.text+0x16): referencia a `pthread_create' sin definir
collect2: error: ld returned 1 exit status
CMakeFiles/cmTC_e3c84.dir/build.make:97: fallo en las instrucciones para el objetivo 'cmTC_e3c84'
make[1]: *** [cmTC_e3c84] Error 1
make[1]: se sale del directorio '/home/luis/2018-phd-luis-caiza/build/mavros/CMakeFiles/CMakeTmp'
Makefile:126: fallo en las instrucciones para el objetivo 'cmTC_e3c84/fast'
make: *** [cmTC_e3c84/fast] Error 2

File /home/luis/2018-phd-luis-caiza/build/mavros/CMakeFiles/CMakeTmp/CheckSymbolExists.c:
/* */
#include <pthread.h>

int main(int argc, char** argv)
{
  (void)argv;
#ifndef pthread_create
  return ((int*)(&pthread_create))[argc];
#else
  (void)argc;
  return 0;
#endif
}

Determining if the function pthread_create exists in the pthreads failed with the following output:
Change Dir: /home/luis/2018-phd-luis-caiza/build/mavros/CMakeFiles/CMakeTmp

Run Build Command:"/usr/bin/make" "cmTC_59d2d/fast"
/usr/bin/make -f CMakeFiles/cmTC_59d2d.dir/build.make CMakeFiles/cmTC_59d2d.dir/build
make[1]: se entra en el directorio '/home/luis/2018-phd-luis-caiza/build/mavros/CMakeFiles/CMakeTmp'
Building C object CMakeFiles/cmTC_59d2d.dir/CheckFunctionExists.c.o
/usr/bin/cc    -DCHECK_FUNCTION_EXISTS=pthread_create   -o CMakeFiles/cmTC_59d2d.dir/CheckFunctionExists.c.o   -c /usr/share/cmake-3.5/Modules/CheckFunctionExists.c
Linking C executable cmTC_59d2d
/usr/bin/cmake -E cmake_link_script CMakeFiles/cmTC_59d2d.dir/link.txt --verbose=1
/usr/bin/cc   -DCHECK_FUNCTION_EXISTS=pthread_create    CMakeFiles/cmTC_59d2d.dir/CheckFunctionExists.c.o  -o cmTC_59d2d -rdynamic -lpthreads 
/usr/bin/ld: no se puede encontrar -lpthreads
collect2: error: ld returned 1 exit status
CMakeFiles/cmTC_59d2d.dir/build.make:97: fallo en las instrucciones para el objetivo 'cmTC_59d2d'
make[1]: *** [cmTC_59d2d] Error 1
make[1]: se sale del directorio '/home/luis/2018-phd-luis-caiza/build/mavros/CMakeFiles/CMakeTmp'
Makefile:126: fallo en las instrucciones para el objetivo 'cmTC_59d2d/fast'
make: *** [cmTC_59d2d/fast] Error 2


